<?xml version="1.0" encoding="UTF-8"?>
<!-- Generated by org.testng.reporters.JUnitReportReporter -->
<testsuite skipped="0" hostname="anshulgupta" name="com.testcases.TC_Login_001" tests="1" failures="0" timestamp="08 Apr 2019 10:43:21 GMT" time="12.146" errors="0">
  <testcase name="loginTest" time="12.146" classname="com.testcases.TC_Login_001"/>
</testsuite> <!-- com.testcases.TC_Login_001 -->
